arnob@office-pc ~ [1]> kubectl exec -it pod/mongo-sh-vfec6n-mongos-0 -n mongodb-ud6w6t -- bash

Defaulted container "mongodb" out of: mongodb, copy-config (init), bootstrap (init)
root@mongo-sh-vfec6n-mongos-0:/# 
root@mongo-sh-vfec6n-mongos-0:/# 
root@mongo-sh-vfec6n-mongos-0:/# cat work-dir/log.txt 
[2022-08-25T09:47:08,493201606+00:00] [mongos.sh] Ping Config Server replicaset : cnfRepSet/mongo-sh-vfec6n-configsvr-0.mongo-sh-vfec6n-configsvr-pods.mongodb-ud6w6t.svc:27017,mongo-sh-vfec6n-configsvr-1.mongo-sh-vfec6n-configsvr-pods.mongodb-ud6w6t.svc:27017,mongo-sh-vfec6n-configsvr-2.mongo-sh-vfec6n-configsvr-pods.mongodb-ud6w6t.svc:27017
[2022-08-25T09:47:08,543248952+00:00] [mongos.sh] Check if Config Server primary node is UP!!
[2022-08-25T09:47:08,591353682+00:00] [mongos.sh] Starting a mongos instance...
[2022-08-25T09:47:08,592480464+00:00] [mongos.sh] Waiting for mongos to be ready...
2022-08-25T09:47:08.617+0000 W  CONTROL  [main] Option: sslMode is deprecated. Please use tlsMode instead.
2022-08-25T09:47:08.621+0000 I  CONTROL  [main] Automatically disabling TLS 1.0, to force-enable TLS 1.0 specify --sslDisabledProtocols 'none'
2022-08-25T09:47:08.624+0000 I  CONTROL  [main] ** WARNING: You are running this process as the root user, which is not recommended.
2022-08-25T09:47:08.624+0000 I  CONTROL  [main] 
[2022-08-25T09:47:08,626267808+00:00] [mongos.sh] Retrying...
2022-08-25T09:47:08.651+0000 I  SHARDING [mongosMain] mongos version v4.2.3
2022-08-25T09:47:08.651+0000 I  CONTROL  [mongosMain] db version v4.2.3
2022-08-25T09:47:08.651+0000 I  CONTROL  [mongosMain] git version: 6874650b362138df74be53d366bbefc321ea32d4
2022-08-25T09:47:08.651+0000 I  CONTROL  [mongosMain] OpenSSL version: OpenSSL 1.1.1  11 Sep 2018
2022-08-25T09:47:08.651+0000 I  CONTROL  [mongosMain] allocator: tcmalloc
2022-08-25T09:47:08.651+0000 I  CONTROL  [mongosMain] modules: none
2022-08-25T09:47:08.651+0000 I  CONTROL  [mongosMain] build environment:
2022-08-25T09:47:08.651+0000 I  CONTROL  [mongosMain]     distmod: ubuntu1804
2022-08-25T09:47:08.651+0000 I  CONTROL  [mongosMain]     distarch: x86_64
2022-08-25T09:47:08.651+0000 I  CONTROL  [mongosMain]     target_arch: x86_64
2022-08-25T09:47:08.651+0000 I  CONTROL  [mongosMain] options: { config: "/data/configdb/mongod.conf", net: { bindIp: "*", ipv6: true, port: 27017, tls: { mode: "disabled" } }, security: { clusterAuthMode: "keyFile", keyFile: "/data/configdb/key.txt" }, sharding: { configDB: "cnfRepSet/mongo-sh-vfec6n-configsvr-0.mongo-sh-vfec6n-configsvr-pods.mongodb-ud6w6t.svc:27017,mongo-sh-vfec6n-configsvr-1.mongo-sh-vfec6n-configsvr-po..." } }
2022-08-25T09:47:08.652+0000 I  NETWORK  [mongosMain] Starting new replica set monitor for cnfRepSet/mongo-sh-vfec6n-configsvr-0.mongo-sh-vfec6n-configsvr-pods.mongodb-ud6w6t.svc:27017,mongo-sh-vfec6n-configsvr-1.mongo-sh-vfec6n-configsvr-pods.mongodb-ud6w6t.svc:27017,mongo-sh-vfec6n-configsvr-2.mongo-sh-vfec6n-configsvr-pods.mongodb-ud6w6t.svc:27017
2022-08-25T09:47:08.652+0000 I  SHARDING [thread1] creating distributed lock ping thread for process mongo-sh-vfec6n-mongos-0:27017:1661420828:7450959492999409845 (sleeping for 30000ms)
2022-08-25T09:47:08.653+0000 I  CONNPOOL [ReplicaSetMonitor-TaskExecutor] Connecting to mongo-sh-vfec6n-configsvr-2.mongo-sh-vfec6n-configsvr-pods.mongodb-ud6w6t.svc:27017
2022-08-25T09:47:08.653+0000 I  CONNPOOL [ReplicaSetMonitor-TaskExecutor] Connecting to mongo-sh-vfec6n-configsvr-1.mongo-sh-vfec6n-configsvr-pods.mongodb-ud6w6t.svc:27017
2022-08-25T09:47:08.653+0000 I  CONNPOOL [ReplicaSetMonitor-TaskExecutor] Connecting to mongo-sh-vfec6n-configsvr-0.mongo-sh-vfec6n-configsvr-pods.mongodb-ud6w6t.svc:27017
2022-08-25T09:47:08.697+0000 I  CONNPOOL [ReplicaSetMonitor-TaskExecutor] Connecting to mongo-sh-vfec6n-configsvr-0.mongo-sh-vfec6n-configsvr-pods.mongodb-ud6w6t.svc.cluster.local:27017
2022-08-25T09:47:08.698+0000 I  NETWORK  [ReplicaSetMonitor-TaskExecutor] Confirmed replica set for cnfRepSet is cnfRepSet/mongo-sh-vfec6n-configsvr-0.mongo-sh-vfec6n-configsvr-pods.mongodb-ud6w6t.svc.cluster.local:27017,mongo-sh-vfec6n-configsvr-1.mongo-sh-vfec6n-configsvr-pods.mongodb-ud6w6t.svc.cluster.local:27017,mongo-sh-vfec6n-configsvr-2.mongo-sh-vfec6n-configsvr-pods.mongodb-ud6w6t.svc.cluster.local:27017
2022-08-25T09:47:08.698+0000 I  SHARDING [Sharding-Fixed-0] Updating sharding state with confirmed set cnfRepSet/mongo-sh-vfec6n-configsvr-0.mongo-sh-vfec6n-configsvr-pods.mongodb-ud6w6t.svc.cluster.local:27017,mongo-sh-vfec6n-configsvr-1.mongo-sh-vfec6n-configsvr-pods.mongodb-ud6w6t.svc.cluster.local:27017,mongo-sh-vfec6n-configsvr-2.mongo-sh-vfec6n-configsvr-pods.mongodb-ud6w6t.svc.cluster.local:27017
2022-08-25T09:47:08.698+0000 I  SHARDING [Sharding-Fixed-0] Updating ShardRegistry connection string for shard config from: cnfRepSet/mongo-sh-vfec6n-configsvr-0.mongo-sh-vfec6n-configsvr-pods.mongodb-ud6w6t.svc:27017,mongo-sh-vfec6n-configsvr-1.mongo-sh-vfec6n-configsvr-pods.mongodb-ud6w6t.svc:27017,mongo-sh-vfec6n-configsvr-2.mongo-sh-vfec6n-configsvr-pods.mongodb-ud6w6t.svc:27017 to: cnfRepSet/mongo-sh-vfec6n-configsvr-0.mongo-sh-vfec6n-configsvr-pods.mongodb-ud6w6t.svc.cluster.local:27017,mongo-sh-vfec6n-configsvr-1.mongo-sh-vfec6n-configsvr-pods.mongodb-ud6w6t.svc.cluster.local:27017,mongo-sh-vfec6n-configsvr-2.mongo-sh-vfec6n-configsvr-pods.mongodb-ud6w6t.svc.cluster.local:27017
2022-08-25T09:47:08.698+0000 I  CONNPOOL [ReplicaSetMonitor-TaskExecutor] Connecting to mongo-sh-vfec6n-configsvr-1.mongo-sh-vfec6n-configsvr-pods.mongodb-ud6w6t.svc.cluster.local:27017
2022-08-25T09:47:08.698+0000 I  CONNPOOL [ReplicaSetMonitor-TaskExecutor] Connecting to mongo-sh-vfec6n-configsvr-2.mongo-sh-vfec6n-configsvr-pods.mongodb-ud6w6t.svc.cluster.local:27017
2022-08-25T09:47:08.745+0000 I  NETWORK  [ReplicaSetMonitor-TaskExecutor] Confirmed replica set for cnfRepSet is cnfRepSet/mongo-sh-vfec6n-configsvr-0.mongo-sh-vfec6n-configsvr-pods.mongodb-ud6w6t.svc.cluster.local:27017,mongo-sh-vfec6n-configsvr-1.mongo-sh-vfec6n-configsvr-pods.mongodb-ud6w6t.svc.cluster.local:27017,mongo-sh-vfec6n-configsvr-2.mongo-sh-vfec6n-configsvr-pods.mongodb-ud6w6t.svc.cluster.local:27017
2022-08-25T09:47:08.745+0000 I  SHARDING [UpdateReplicaSetOnConfigServer] Updating sharding state with confirmed set cnfRepSet/mongo-sh-vfec6n-configsvr-0.mongo-sh-vfec6n-configsvr-pods.mongodb-ud6w6t.svc.cluster.local:27017,mongo-sh-vfec6n-configsvr-1.mongo-sh-vfec6n-configsvr-pods.mongodb-ud6w6t.svc.cluster.local:27017,mongo-sh-vfec6n-configsvr-2.mongo-sh-vfec6n-configsvr-pods.mongodb-ud6w6t.svc.cluster.local:27017
2022-08-25T09:47:08.783+0000 I  SHARDING [ShardRegistry] Received reply from config server node (unknown) indicating config server optime term has increased, previous optime { ts: Timestamp(0, 0), t: -1 }, now { ts: Timestamp(1661420820, 1), t: 1 }
2022-08-25T09:47:08.784+0000 I  SHARDING [mongosMain] Waiting for signing keys, sleeping for 1s and trying again.
2022-08-25T09:47:08.802+0000 W  SHARDING [replSetDistLockPinger] pinging failed for distributed lock pinger :: caused by :: LockStateChangeFailed: findAndModify query predicate didn't match any lock document
2022-08-25T09:47:09.784+0000 I  CONNPOOL [ShardRegistry] Connecting to mongo-sh-vfec6n-configsvr-1.mongo-sh-vfec6n-configsvr-pods.mongodb-ud6w6t.svc.cluster.local:27017
2022-08-25T09:47:09.799+0000 I  CONNPOOL [ShardRegistry] Connecting to mongo-sh-vfec6n-configsvr-2.mongo-sh-vfec6n-configsvr-pods.mongodb-ud6w6t.svc.cluster.local:27017
2022-08-25T09:47:09.858+0000 W  FTDC     [mongosMain] FTDC is disabled because neither '--logpath' nor set parameter 'diagnosticDataCollectionDirectoryPath' are specified.
2022-08-25T09:47:09.858+0000 I  FTDC     [mongosMain] Initializing full-time diagnostic data capture with directory ''
2022-08-25T09:47:09.859+0000 I  NETWORK  [listener] Listening on /tmp/mongodb-27017.sock
2022-08-25T09:47:09.859+0000 I  NETWORK  [listener] Listening on 0.0.0.0
2022-08-25T09:47:09.859+0000 I  NETWORK  [listener] Listening on ::
2022-08-25T09:47:09.859+0000 I  NETWORK  [listener] waiting for connections on port 27017
2022-08-25T09:47:09.859+0000 I  SH_REFR  [ConfigServerCatalogCacheLoader-0] Refresh for database config from version {} to version { uuid: UUID("31140fde-82d4-4193-94c4-d99469327c0c"), lastMod: 0 } took 0 ms
2022-08-25T09:47:09.860+0000 I  CONTROL  [LogicalSessionCacheRefresh] Sessions collection is not set up; waiting until next sessions refresh interval: Collection config.system.sessions is not sharded.
2022-08-25T09:47:09.860+0000 I  CONTROL  [LogicalSessionCacheReap] Sessions collection is not set up; waiting until next sessions reap interval: Collection config.system.sessions is not sharded.
2022-08-25T09:47:10.711+0000 I  NETWORK  [listener] connection accepted from [::1]:36454 #13 (1 connection now open)
2022-08-25T09:47:10.712+0000 I  NETWORK  [conn13] received client metadata from [::1]:36454 conn13: { application: { name: "MongoDB Shell" }, driver: { name: "MongoDB Internal Client", version: "4.2.3" }, os: { type: "Linux", name: "Ubuntu", architecture: "x86_64", version: "18.04" } }
2022-08-25T09:47:10.718+0000 I  NETWORK  [conn13] end connection [::1]:36454 (0 connections now open)






[2022-08-25T09:47:10,720682241+00:00] [mongos.sh] Add shard instances
[2022-08-25T09:47:10,721763854+00:00] [mongos.sh] Shard list 2: shard0/mongo-sh-vfec6n-shard0-0.mongo-sh-vfec6n-shard0-pods.mongodb-ud6w6t.svc.cluster.local:27017,mongo-sh-vfec6n-shard0-1.mongo-sh-vfec6n-shard0-pods.mongodb-ud6w6t.svc.cluster.local:27017,mongo-sh-vfec6n-shard0-2.mongo-sh-vfec6n-shard0-pods.mongodb-ud6w6t.svc.cluster.local:27017 shard1/mongo-sh-vfec6n-shard1-0.mongo-sh-vfec6n-shard1-pods.mongodb-ud6w6t.svc.cluster.local:27017,mongo-sh-vfec6n-shard1-1.mongo-sh-vfec6n-shard1-pods.mongodb-ud6w6t.svc.cluster.local:27017,mongo-sh-vfec6n-shard1-2.mongo-sh-vfec6n-shard1-pods.mongodb-ud6w6t.svc.cluster.local:27017
[2022-08-25T09:47:10,722738626+00:00] [mongos.sh] Add shard: shard0/mongo-sh-vfec6n-shard0-0.mongo-sh-vfec6n-shard0-pods.mongodb-ud6w6t.svc.cluster.local:27017,mongo-sh-vfec6n-shard0-1.mongo-sh-vfec6n-shard0-pods.mongodb-ud6w6t.svc.cluster.local:27017,mongo-sh-vfec6n-shard0-2.mongo-sh-vfec6n-shard0-pods.mongodb-ud6w6t.svc.cluster.local:27017
2022-08-25T09:47:10.794+0000 I  NETWORK  [listener] connection accepted from [::1]:36456 #14 (1 connection now open)
2022-08-25T09:47:10.794+0000 I  NETWORK  [conn14] received client metadata from [::1]:36456 conn14: { application: { name: "MongoDB Shell" }, driver: { name: "MongoDB Internal Client", version: "4.2.3" }, os: { type: "Linux", name: "Ubuntu", architecture: "x86_64", version: "18.04" } }
2022-08-25T09:47:10.805+0000 I  ACCESS   [conn14] Successfully authenticated as principal root on admin from client [::1]:36456
2022-08-25T09:47:11.581+0000 I  NETWORK  [conn14] Starting new replica set monitor for shard0/mongo-sh-vfec6n-shard0-0.mongo-sh-vfec6n-shard0-pods.mongodb-ud6w6t.svc.cluster.local:27017,mongo-sh-vfec6n-shard0-1.mongo-sh-vfec6n-shard0-pods.mongodb-ud6w6t.svc.cluster.local:27017,mongo-sh-vfec6n-shard0-2.mongo-sh-vfec6n-shard0-pods.mongodb-ud6w6t.svc.cluster.local:27017
2022-08-25T09:47:11.581+0000 I  CONNPOOL [ReplicaSetMonitor-TaskExecutor] Connecting to mongo-sh-vfec6n-shard0-2.mongo-sh-vfec6n-shard0-pods.mongodb-ud6w6t.svc.cluster.local:27017
2022-08-25T09:47:11.581+0000 I  COMMAND  [conn14] command admin.shard0/mongo-sh-vfec6n-shard0-0.mongo-sh-vfec6n-shard0-pods.mongodb-ud6w6t.svc.cluster.local:27017,mongo-sh-vfec6n-shard0-1.mongo-sh-vfec6n-shard0-pods.mongodb-ud6w6t.svc.cluster.local:27017,mongo-sh-vfec6n-shard0-2.mongo-sh-vfec6n-shard0-pods.mongodb-ud6w6t.svc.cluster.local:27017 appName: "MongoDB Shell" command: addShard { addShard: "shard0/mongo-sh-vfec6n-shard0-0.mongo-sh-vfec6n-shard0-pods.mongodb-ud6w6t.svc.cluster.local:27017,mongo-sh-vfec6n-shard0-1.mongo-sh-vfec6n-shard0-pod...", lsid: { id: UUID("168a3ce6-ea42-4fbf-b32e-1b1a2975f703") }, $clusterTime: { clusterTime: Timestamp(1661420829, 2), signature: { hash: BinData(0, 93BA4FF553EFA5C5B466B94BB066D0B261AD9E0E), keyId: 7135747773260890142 } }, $db: "admin" } numYields:0 reslen:186 protocol:op_msg 774ms
2022-08-25T09:47:11.581+0000 I  CONNPOOL [ReplicaSetMonitor-TaskExecutor] Connecting to mongo-sh-vfec6n-shard0-0.mongo-sh-vfec6n-shard0-pods.mongodb-ud6w6t.svc.cluster.local:27017
2022-08-25T09:47:11.581+0000 I  CONNPOOL [ReplicaSetMonitor-TaskExecutor] Connecting to mongo-sh-vfec6n-shard0-1.mongo-sh-vfec6n-shard0-pods.mongodb-ud6w6t.svc.cluster.local:27017
2022-08-25T09:47:11.582+0000 I  NETWORK  [conn14] end connection [::1]:36456 (0 connections now open)
[2022-08-25T09:47:11,585307549+00:00] [mongos.sh] Add shard: shard1/mongo-sh-vfec6n-shard1-0.mongo-sh-vfec6n-shard1-pods.mongodb-ud6w6t.svc.cluster.local:27017,mongo-sh-vfec6n-shard1-1.mongo-sh-vfec6n-shard1-pods.mongodb-ud6w6t.svc.cluster.local:27017,mongo-sh-vfec6n-shard1-2.mongo-sh-vfec6n-shard1-pods.mongodb-ud6w6t.svc.cluster.local:27017
2022-08-25T09:47:11.594+0000 I  NETWORK  [ReplicaSetMonitor-TaskExecutor] Confirmed replica set for shard0 is shard0/mongo-sh-vfec6n-shard0-0.mongo-sh-vfec6n-shard0-pods.mongodb-ud6w6t.svc.cluster.local:27017,mongo-sh-vfec6n-shard0-1.mongo-sh-vfec6n-shard0-pods.mongodb-ud6w6t.svc.cluster.local:27017,mongo-sh-vfec6n-shard0-2.mongo-sh-vfec6n-shard0-pods.mongodb-ud6w6t.svc.cluster.local:27017
2022-08-25T09:47:11.594+0000 I  SHARDING [UpdateReplicaSetOnConfigServer] Updating sharding state with confirmed set shard0/mongo-sh-vfec6n-shard0-0.mongo-sh-vfec6n-shard0-pods.mongodb-ud6w6t.svc.cluster.local:27017,mongo-sh-vfec6n-shard0-1.mongo-sh-vfec6n-shard0-pods.mongodb-ud6w6t.svc.cluster.local:27017,mongo-sh-vfec6n-shard0-2.mongo-sh-vfec6n-shard0-pods.mongodb-ud6w6t.svc.cluster.local:27017
2022-08-25T09:47:11.646+0000 I  NETWORK  [listener] connection accepted from [::1]:36458 #18 (1 connection now open)
2022-08-25T09:47:11.646+0000 I  NETWORK  [conn18] received client metadata from [::1]:36458 conn18: { application: { name: "MongoDB Shell" }, driver: { name: "MongoDB Internal Client", version: "4.2.3" }, os: { type: "Linux", name: "Ubuntu", architecture: "x86_64", version: "18.04" } }
2022-08-25T09:47:11.656+0000 I  ACCESS   [conn18] Successfully authenticated as principal root on admin from client [::1]:36458
2022-08-25T09:47:12.649+0000 I  NETWORK  [conn18] Starting new replica set monitor for shard1/mongo-sh-vfec6n-shard1-0.mongo-sh-vfec6n-shard1-pods.mongodb-ud6w6t.svc.cluster.local:27017,mongo-sh-vfec6n-shard1-1.mongo-sh-vfec6n-shard1-pods.mongodb-ud6w6t.svc.cluster.local:27017,mongo-sh-vfec6n-shard1-2.mongo-sh-vfec6n-shard1-pods.mongodb-ud6w6t.svc.cluster.local:27017
2022-08-25T09:47:12.649+0000 I  COMMAND  [conn18] command admin.shard1/mongo-sh-vfec6n-shard1-0.mongo-sh-vfec6n-shard1-pods.mongodb-ud6w6t.svc.cluster.local:27017,mongo-sh-vfec6n-shard1-1.mongo-sh-vfec6n-shard1-pods.mongodb-ud6w6t.svc.cluster.local:27017,mongo-sh-vfec6n-shard1-2.mongo-sh-vfec6n-shard1-pods.mongodb-ud6w6t.svc.cluster.local:27017 appName: "MongoDB Shell" command: addShard { addShard: "shard1/mongo-sh-vfec6n-shard1-0.mongo-sh-vfec6n-shard1-pods.mongodb-ud6w6t.svc.cluster.local:27017,mongo-sh-vfec6n-shard1-1.mongo-sh-vfec6n-shard1-pod...", lsid: { id: UUID("2478ba86-56b7-48ca-992f-0c13d01d9317") }, $clusterTime: { clusterTime: Timestamp(1661420831, 6), signature: { hash: BinData(0, 5F3D343BE3CA06E2C8198407888E8FD42B045E8C), keyId: 7135747773260890142 } }, $db: "admin" } numYields:0 reslen:186 protocol:op_msg 991ms
2022-08-25T09:47:12.649+0000 I  CONNPOOL [ReplicaSetMonitor-TaskExecutor] Connecting to mongo-sh-vfec6n-shard1-2.mongo-sh-vfec6n-shard1-pods.mongodb-ud6w6t.svc.cluster.local:27017
2022-08-25T09:47:12.649+0000 I  CONNPOOL [ReplicaSetMonitor-TaskExecutor] Connecting to mongo-sh-vfec6n-shard1-0.mongo-sh-vfec6n-shard1-pods.mongodb-ud6w6t.svc.cluster.local:27017
2022-08-25T09:47:12.649+0000 I  CONNPOOL [ReplicaSetMonitor-TaskExecutor] Connecting to mongo-sh-vfec6n-shard1-1.mongo-sh-vfec6n-shard1-pods.mongodb-ud6w6t.svc.cluster.local:27017
2022-08-25T09:47:12.651+0000 I  NETWORK  [conn18] end connection [::1]:36458 (0 connections now open)
[2022-08-25T09:47:12,653651171+00:00] [mongos.sh] Ensure admin user credentials
2022-08-25T09:47:12.682+0000 I  NETWORK  [ReplicaSetMonitor-TaskExecutor] Confirmed replica set for shard1 is shard1/mongo-sh-vfec6n-shard1-0.mongo-sh-vfec6n-shard1-pods.mongodb-ud6w6t.svc.cluster.local:27017,mongo-sh-vfec6n-shard1-1.mongo-sh-vfec6n-shard1-pods.mongodb-ud6w6t.svc.cluster.local:27017,mongo-sh-vfec6n-shard1-2.mongo-sh-vfec6n-shard1-pods.mongodb-ud6w6t.svc.cluster.local:27017
2022-08-25T09:47:12.682+0000 I  SHARDING [Sharding-Fixed-1] Updating sharding state with confirmed set shard1/mongo-sh-vfec6n-shard1-0.mongo-sh-vfec6n-shard1-pods.mongodb-ud6w6t.svc.cluster.local:27017,mongo-sh-vfec6n-shard1-1.mongo-sh-vfec6n-shard1-pods.mongodb-ud6w6t.svc.cluster.local:27017,mongo-sh-vfec6n-shard1-2.mongo-sh-vfec6n-shard1-pods.mongodb-ud6w6t.svc.cluster.local:27017
2022-08-25T09:47:12.686+0000 I  NETWORK  [listener] connection accepted from [::1]:36460 #22 (1 connection now open)
2022-08-25T09:47:12.686+0000 I  NETWORK  [conn22] received client metadata from [::1]:36460 conn22: { application: { name: "MongoDB Shell" }, driver: { name: "MongoDB Internal Client", version: "4.2.3" }, os: { type: "Linux", name: "Ubuntu", architecture: "x86_64", version: "18.04" } }
2022-08-25T09:47:12.696+0000 I  ACCESS   [conn22] Successfully authenticated as principal root on admin from client [::1]:36460
2022-08-25T09:47:12.698+0000 I  SH_REFR  [ConfigServerCatalogCacheLoader-0] Refresh for database admin from version {} to version { uuid: UUID("f69b9208-e852-4c4e-8eaa-3862288b0c8f"), lastMod: 0 } took 0 ms
2022-08-25T09:47:12.698+0000 I  CONNPOOL [TaskExecutorPool-0] Connecting to mongo-sh-vfec6n-configsvr-0.mongo-sh-vfec6n-configsvr-pods.mongodb-ud6w6t.svc.cluster.local:27017
2022-08-25T09:47:12.719+0000 I  NETWORK  [conn22] end connection [::1]:36460 (0 connections now open)
2022-08-25T09:47:12.752+0000 I  NETWORK  [listener] connection accepted from [::1]:36462 #24 (1 connection now open)
2022-08-25T09:47:12.752+0000 I  NETWORK  [conn24] received client metadata from [::1]:36462 conn24: { application: { name: "MongoDB Shell" }, driver: { name: "MongoDB Internal Client", version: "4.2.3" }, os: { type: "Linux", name: "Ubuntu", architecture: "x86_64", version: "18.04" } }
2022-08-25T09:47:12.762+0000 I  ACCESS   [conn24] Successfully authenticated as principal root on admin from client [::1]:36462
2022-08-25T09:47:12.827+0000 I  NETWORK  [conn24] end connection [::1]:36462 (0 connections now open)
2022-08-25T09:47:12.863+0000 I  NETWORK  [listener] connection accepted from [::1]:36464 #25 (1 connection now open)
2022-08-25T09:47:12.863+0000 I  NETWORK  [conn25] received client metadata from [::1]:36464 conn25: { application: { name: "MongoDB Shell" }, driver: { name: "MongoDB Internal Client", version: "4.2.3" }, os: { type: "Linux", name: "Ubuntu", architecture: "x86_64", version: "18.04" } }
2022-08-25T09:47:12.873+0000 I  ACCESS   [conn25] Successfully authenticated as principal root on admin from client [::1]:36464
2022-08-25T09:47:12.875+0000 I  SH_REFR  [ConfigServerCatalogCacheLoader-0] Refresh for database kubedb-system from version {} to version { uuid: UUID("1b76bc16-7f69-4787-8013-0ddb782bbeb6"), lastMod: 1 } took 0 ms
2022-08-25T09:47:12.876+0000 I  CONNPOOL [TaskExecutorPool-0] Connecting to mongo-sh-vfec6n-shard0-0.mongo-sh-vfec6n-shard0-pods.mongodb-ud6w6t.svc.cluster.local:27017
2022-08-25T09:47:12.884+0000 I  SHARDING [conn25] Marking cached database entry for 'kubedb-system' as stale
2022-08-25T09:47:12.979+0000 I  NETWORK  [conn25] Successfully connected to shard0/mongo-sh-vfec6n-shard0-0.mongo-sh-vfec6n-shard0-pods.mongodb-ud6w6t.svc.cluster.local:27017,mongo-sh-vfec6n-shard0-1.mongo-sh-vfec6n-shard0-pods.mongodb-ud6w6t.svc.cluster.local:27017,mongo-sh-vfec6n-shard0-2.mongo-sh-vfec6n-shard0-pods.mongodb-ud6w6t.svc.cluster.local:27017 (1 connections now open to shard0/mongo-sh-vfec6n-shard0-0.mongo-sh-vfec6n-shard0-pods.mongodb-ud6w6t.svc.cluster.local:27017,mongo-sh-vfec6n-shard0-1.mongo-sh-vfec6n-shard0-pods.mongodb-ud6w6t.svc.cluster.local:27017,mongo-sh-vfec6n-shard0-2.mongo-sh-vfec6n-shard0-pods.mongodb-ud6w6t.svc.cluster.local:27017 with a 0 second timeout)
2022-08-25T09:47:13.017+0000 I  NETWORK  [conn25] Successfully connected to shard1/mongo-sh-vfec6n-shard1-0.mongo-sh-vfec6n-shard1-pods.mongodb-ud6w6t.svc.cluster.local:27017,mongo-sh-vfec6n-shard1-1.mongo-sh-vfec6n-shard1-pods.mongodb-ud6w6t.svc.cluster.local:27017,mongo-sh-vfec6n-shard1-2.mongo-sh-vfec6n-shard1-pods.mongodb-ud6w6t.svc.cluster.local:27017 (1 connections now open to shard1/mongo-sh-vfec6n-shard1-0.mongo-sh-vfec6n-shard1-pods.mongodb-ud6w6t.svc.cluster.local:27017,mongo-sh-vfec6n-shard1-1.mongo-sh-vfec6n-shard1-pods.mongodb-ud6w6t.svc.cluster.local:27017,mongo-sh-vfec6n-shard1-2.mongo-sh-vfec6n-shard1-pods.mongodb-ud6w6t.svc.cluster.local:27017 with a 0 second timeout)
2022-08-25T09:47:13.018+0000 I  SH_REFR  [ConfigServerCatalogCacheLoader-0] Refresh for collection kubedb-system.health-check took 0 ms and found the collection is not sharded
2022-08-25T09:47:13.033+0000 I  COMMAND  [conn25] command kubedb-system.health-check appName: "MongoDB Shell" command: createIndexes { createIndexes: "health-check", indexes: [ { key: { id: 1.0 }, name: "id_1" } ], lsid: { id: UUID("d0de20fb-01b2-41ca-b09b-942fa491172f") }, $clusterTime: { clusterTime: Timestamp(1661420832, 12), signature: { hash: BinData(0, E09CE2277B31A35F461FFF2B38BDCAFBF7230D1E), keyId: 7135747773260890142 } }, $db: "kubedb-system" } numYields:0 reslen:550 protocol:op_msg 158ms
2022-08-25T09:47:13.034+0000 I  NETWORK  [conn25] end connection [::1]:36464 (0 connections now open)
2022-08-25T09:47:13.067+0000 I  NETWORK  [listener] connection accepted from [::1]:36466 #29 (1 connection now open)
2022-08-25T09:47:13.067+0000 I  NETWORK  [conn29] received client metadata from [::1]:36466 conn29: { application: { name: "MongoDB Shell" }, driver: { name: "MongoDB Internal Client", version: "4.2.3" }, os: { type: "Linux", name: "Ubuntu", architecture: "x86_64", version: "18.04" } }
2022-08-25T09:47:13.077+0000 I  ACCESS   [conn29] Successfully authenticated as principal root on admin from client [::1]:36466
2022-08-25T09:47:13.140+0000 I  NETWORK  [conn29] end connection [::1]:36466 (0 connections now open)
[2022-08-25T09:47:13,142938926+00:00] [mongos.sh] Ensure Initializing init scripts
2022-08-25T09:47:13.176+0000 I  NETWORK  [listener] connection accepted from [::1]:36468 #30 (1 connection now open)
2022-08-25T09:47:13.176+0000 I  NETWORK  [conn30] received client metadata from [::1]:36468 conn30: { application: { name: "MongoDB Shell" }, driver: { name: "MongoDB Internal Client", version: "4.2.3" }, os: { type: "Linux", name: "Ubuntu", architecture: "x86_64", version: "18.04" } }
2022-08-25T09:47:13.186+0000 I  ACCESS   [conn30] Successfully authenticated as principal root on admin from client [::1]:36468
2022-08-25T09:47:13.189+0000 I  NETWORK  [conn30] end connection [::1]:36468 (0 connections now open)
2022-08-25T09:47:13.222+0000 I  NETWORK  [listener] connection accepted from [::1]:36470 #31 (1 connection now open)
2022-08-25T09:47:13.222+0000 I  NETWORK  [conn31] received client metadata from [::1]:36470 conn31: { application: { name: "MongoDB Shell" }, driver: { name: "MongoDB Internal Client", version: "4.2.3" }, os: { type: "Linux", name: "Ubuntu", architecture: "x86_64", version: "18.04" } }
2022-08-25T09:47:13.232+0000 I  ACCESS   [conn31] Successfully authenticated as principal root on admin from client [::1]:36470
2022-08-25T09:47:13.263+0000 I  NETWORK  [conn31] end connection [::1]:36470 (0 connections now open)
[2022-08-25T09:47:13,266302171+00:00] [mongos.sh] Initialize init scripts
[2022-08-25T09:47:13,268157388+00:00] [mongos.sh] /init-scripts/mongos.sh: ignoring /docker-entrypoint-initdb.d/*
[2022-08-25T09:47:13,269059403+00:00] [mongos.sh] Done.








[2022-08-25T09:47:13,269981710+00:00] [mongos.sh] Shutting down mongos (force: true)...
2022-08-25T09:47:13.301+0000 I  NETWORK  [listener] connection accepted from [::1]:36472 #32 (1 connection now open)
2022-08-25T09:47:13.302+0000 I  NETWORK  [conn32] received client metadata from [::1]:36472 conn32: { application: { name: "MongoDB Shell" }, driver: { name: "MongoDB Internal Client", version: "4.2.3" }, os: { type: "Linux", name: "Ubuntu", architecture: "x86_64", version: "18.04" } }
2022-08-25T09:47:13.311+0000 I  ACCESS   [conn32] Successfully authenticated as principal root on admin from client [::1]:36472
2022-08-25T09:47:13.313+0000 I  COMMAND  [conn32] terminating, shutdown command received { shutdown: 1.0, force: true, lsid: { id: UUID("7ab3723a-0d90-4380-bc8e-aa56f06ce790") }, $clusterTime: { clusterTime: Timestamp(1661420833, 14), signature: { hash: BinData(0, 75F424D0449EFCF8999E52EEBCB042349ED0B9B6), keyId: 7135747773260890142 } }, $db: "admin" }
2022-08-25T09:47:13.313+0000 I  NETWORK  [conn32] shutdown: going to close all sockets...
2022-08-25T09:47:13.313+0000 I  NETWORK  [listener] removing socket file: /tmp/mongodb-27017.sock
2022-08-25T09:47:13.314+0000 I  ASIO     [ReplicaSetMonitor-TaskExecutor] Killing all outstanding egress activity.
2022-08-25T09:47:13.314+0000 I  CONNPOOL [ReplicaSetMonitor-TaskExecutor] Dropping all pooled connections to mongo-sh-vfec6n-shard0-0.mongo-sh-vfec6n-shard0-pods.mongodb-ud6w6t.svc.cluster.local:27017 due to ShutdownInProgress: Shutting down the connection pool
2022-08-25T09:47:13.314+0000 I  CONNPOOL [ReplicaSetMonitor-TaskExecutor] Dropping all pooled connections to mongo-sh-vfec6n-configsvr-0.mongo-sh-vfec6n-configsvr-pods.mongodb-ud6w6t.svc.cluster.local:27017 due to ShutdownInProgress: Shutting down the connection pool
2022-08-25T09:47:13.314+0000 I  CONNPOOL [ReplicaSetMonitor-TaskExecutor] Dropping all pooled connections to mongo-sh-vfec6n-shard1-1.mongo-sh-vfec6n-shard1-pods.mongodb-ud6w6t.svc.cluster.local:27017 due to ShutdownInProgress: Shutting down the connection pool
2022-08-25T09:47:13.314+0000 I  CONNPOOL [ReplicaSetMonitor-TaskExecutor] Dropping all pooled connections to mongo-sh-vfec6n-shard0-2.mongo-sh-vfec6n-shard0-pods.mongodb-ud6w6t.svc.cluster.local:27017 due to ShutdownInProgress: Shutting down the connection pool
2022-08-25T09:47:13.314+0000 I  CONNPOOL [ReplicaSetMonitor-TaskExecutor] Dropping all pooled connections to mongo-sh-vfec6n-configsvr-2.mongo-sh-vfec6n-configsvr-pods.mongodb-ud6w6t.svc:27017 due to ShutdownInProgress: Shutting down the connection pool
2022-08-25T09:47:13.314+0000 I  CONNPOOL [ReplicaSetMonitor-TaskExecutor] Dropping all pooled connections to mongo-sh-vfec6n-configsvr-1.mongo-sh-vfec6n-configsvr-pods.mongodb-ud6w6t.svc.cluster.local:27017 due to ShutdownInProgress: Shutting down the connection pool
2022-08-25T09:47:13.314+0000 I  CONNPOOL [ReplicaSetMonitor-TaskExecutor] Dropping all pooled connections to mongo-sh-vfec6n-configsvr-2.mongo-sh-vfec6n-configsvr-pods.mongodb-ud6w6t.svc.cluster.local:27017 due to ShutdownInProgress: Shutting down the connection pool
2022-08-25T09:47:13.314+0000 I  CONNPOOL [ReplicaSetMonitor-TaskExecutor] Dropping all pooled connections to mongo-sh-vfec6n-shard1-2.mongo-sh-vfec6n-shard1-pods.mongodb-ud6w6t.svc.cluster.local:27017 due to ShutdownInProgress: Shutting down the connection pool
2022-08-25T09:47:13.314+0000 I  CONNPOOL [ReplicaSetMonitor-TaskExecutor] Dropping all pooled connections to mongo-sh-vfec6n-configsvr-1.mongo-sh-vfec6n-configsvr-pods.mongodb-ud6w6t.svc:27017 due to ShutdownInProgress: Shutting down the connection pool
2022-08-25T09:47:13.314+0000 I  CONNPOOL [ReplicaSetMonitor-TaskExecutor] Dropping all pooled connections to mongo-sh-vfec6n-shard1-0.mongo-sh-vfec6n-shard1-pods.mongodb-ud6w6t.svc.cluster.local:27017 due to ShutdownInProgress: Shutting down the connection pool
2022-08-25T09:47:13.314+0000 I  CONNPOOL [ReplicaSetMonitor-TaskExecutor] Dropping all pooled connections to mongo-sh-vfec6n-configsvr-0.mongo-sh-vfec6n-configsvr-pods.mongodb-ud6w6t.svc:27017 due to ShutdownInProgress: Shutting down the connection pool
2022-08-25T09:47:13.314+0000 I  CONNPOOL [ReplicaSetMonitor-TaskExecutor] Dropping all pooled connections to mongo-sh-vfec6n-shard0-1.mongo-sh-vfec6n-shard0-pods.mongodb-ud6w6t.svc.cluster.local:27017 due to ShutdownInProgress: Shutting down the connection pool
2022-08-25T09:47:13.314+0000 I  ASIO     [ShardRegistry] Killing all outstanding egress activity.
2022-08-25T09:47:13.314+0000 I  ASIO     [TaskExecutorPool-0] Killing all outstanding egress activity.
2022-08-25T09:47:13.315+0000 W  SHARDING [conn32] error encountered while cleaning up distributed ping entry for mongo-sh-vfec6n-mongos-0:27017:1661420828:7450959492999409845 :: caused by :: ShutdownInProgress: Server is shutting down
2022-08-25T09:47:13.315+0000 W  SHARDING [shard-registry-reload] cant reload ShardRegistry  :: caused by :: CallbackCanceled: Callback canceled
2022-08-25T09:47:13.315+0000 I  ASIO     [shard-registry-reload] Killing all outstanding egress activity.
2022-08-25T09:47:13.315+0000 I  FTDC     [conn32] Shutting down full-time diagnostic data capture
2022-08-25T09:47:13.315+0000 I  CONTROL  [conn32] shutting down with code:0
[2022-08-25T09:47:13,320758082+00:00] [mongos.sh] Good bye.
root@mongo-sh-vfec6n-mongos-0:/# command terminated with exit code 137
